This file contains any messages produced by compilers while
running configure, to aid debugging if configure makes a mistake.

It was created by czmq configure 1.2.0, which was
generated by GNU Autoconf 2.61.  Invocation command line was

  $ ./configure --with-libzmq=/Users/lourens/projects/rbczmq/ext/zeromq

## --------- ##
## Platform. ##
## --------- ##

hostname = Lourenss-MacBook-Air.local
uname -m = x86_64
uname -r = 11.2.0
uname -s = Darwin
uname -v = Darwin Kernel Version 11.2.0: Tue Aug  9 20:54:00 PDT 2011; root:xnu-1699.24.8~1/RELEASE_X86_64

/usr/bin/uname -p = i386
/bin/uname -X     = unknown

/bin/arch              = unknown
/usr/bin/arch -k       = unknown
/usr/convex/getsysinfo = unknown
/usr/bin/hostinfo      = Mach kernel version:
	 Darwin Kernel Version 11.2.0: Tue Aug  9 20:54:00 PDT 2011; root:xnu-1699.24.8~1/RELEASE_X86_64
Kernel configured for up to 4 processors.
2 processors are physically available.
4 processors are logically available.
Processor type: i486 (Intel 80486)
Processors active: 0 1 2 3
Primary memory available: 4.00 gigabytes
Default processor set: 75 tasks, 383 threads, 4 processors
Load average: 1.38, Mach factor: 2.60
/bin/machine           = unknown
/usr/bin/oslevel       = unknown
/bin/universe          = unknown

PATH: /Users/lourens/.rvm/gems/ruby-1.8.7-p352/bin
PATH: /Users/lourens/.rvm/gems/ruby-1.8.7-p352@global/bin
PATH: /Users/lourens/.rvm/rubies/ruby-1.8.7-p352/bin
PATH: /Users/lourens/.rvm/bin
PATH: /usr/bin
PATH: /bin
PATH: /usr/sbin
PATH: /sbin
PATH: /usr/local/bin
PATH: /usr/X11/bin


## ----------- ##
## Core tests. ##
## ----------- ##

configure:1849: checking for a BSD-compatible install
configure:1905: result: /usr/bin/install -c
configure:1916: checking whether build environment is sane
configure:1959: result: yes
configure:1987: checking for a thread-safe mkdir -p
configure:2026: result: config/install-sh -c -d
configure:2039: checking for gawk
configure:2069: result: no
configure:2039: checking for mawk
configure:2069: result: no
configure:2039: checking for nawk
configure:2069: result: no
configure:2039: checking for awk
configure:2055: found /usr/bin/awk
configure:2066: result: awk
configure:2077: checking whether make sets $(MAKE)
configure:2098: result: yes
configure:2281: checking how to create a ustar tar archive
configure:2294: tar --version
bsdtar 2.8.3 - libarchive 2.8.3
configure:2297: $? = 0
configure:2337: tardir=conftest.dir && eval tar --format=ustar -chf - "$tardir" >conftest.tar
configure:2340: $? = 0
configure:2344: tar -xf - <conftest.tar
configure:2347: $? = 0
configure:2360: result: gnutar
configure:2453: checking for gcc
configure:2469: found /usr/bin/gcc
configure:2480: result: gcc
configure:2718: checking for C compiler version
configure:2725: gcc --version >&5
i686-apple-darwin11-llvm-gcc-4.2 (GCC) 4.2.1 (Based on Apple Inc. build 5658) (LLVM build 2335.15.00)
Copyright (C) 2007 Free Software Foundation, Inc.
This is free software; see the source for copying conditions.  There is NO
warranty; not even for MERCHANTABILITY or FITNESS FOR A PARTICULAR PURPOSE.

configure:2728: $? = 0
configure:2735: gcc -v >&5
Using built-in specs.
Target: i686-apple-darwin11
Configured with: /private/var/tmp/llvmgcc42/llvmgcc42-2335.15~25/src/configure --disable-checking --enable-werror --prefix=/Developer/usr/llvm-gcc-4.2 --mandir=/share/man --enable-languages=c,objc,c++,obj-c++ --program-prefix=llvm- --program-transform-name=/^[cg][^.-]*$/s/$/-4.2/ --with-slibdir=/usr/lib --build=i686-apple-darwin11 --enable-llvm=/private/var/tmp/llvmgcc42/llvmgcc42-2335.15~25/dst-llvmCore/Developer/usr/local --program-prefix=i686-apple-darwin11- --host=x86_64-apple-darwin11 --target=i686-apple-darwin11 --with-gxx-include-dir=/usr/include/c++/4.2.1
Thread model: posix
gcc version 4.2.1 (Based on Apple Inc. build 5658) (LLVM build 2335.15.00)
configure:2738: $? = 0
configure:2745: gcc -V >&5
llvm-gcc-4.2: argument to `-V' is missing
configure:2748: $? = 1
configure:2771: checking for C compiler default output file name
configure:2798: gcc    conftest.c  >&5
configure:2801: $? = 0
configure:2839: result: a.out
configure:2856: checking whether the C compiler works
configure:2866: ./a.out
configure:2869: $? = 0
configure:2886: result: yes
configure:2893: checking whether we are cross compiling
configure:2895: result: no
configure:2898: checking for suffix of executables
configure:2905: gcc -o conftest    conftest.c  >&5
configure:2908: $? = 0
configure:2932: result: 
configure:2938: checking for suffix of object files
configure:2964: gcc -c   conftest.c >&5
configure:2967: $? = 0
configure:2990: result: o
configure:2994: checking whether we are using the GNU C compiler
configure:3023: gcc -c   conftest.c >&5
configure:3029: $? = 0
configure:3046: result: yes
configure:3051: checking whether gcc accepts -g
configure:3081: gcc -c -g  conftest.c >&5
configure:3087: $? = 0
configure:3186: result: yes
configure:3203: checking for gcc option to accept ISO C89
configure:3277: gcc  -c -g -O2  conftest.c >&5
configure:3283: $? = 0
configure:3306: result: none needed
configure:3335: checking for style of include used by make
configure:3363: result: GNU
configure:3388: checking dependency style of gcc
configure:3479: result: gcc3
configure:3494: checking for gcc option to accept ISO C99
configure:3653: gcc  -c -g -O2  conftest.c >&5
conftest.c:63: error: expected ';', ',' or ')' before 'text'
conftest.c: In function 'main':
conftest.c:117: error: nested functions are disabled, use -fnested-functions to re-enable
conftest.c:117: error: expected '=', ',', ';', 'asm' or '__attribute__' before 'newvar'
conftest.c:117: error: 'newvar' undeclared (first use in this function)
conftest.c:117: error: (Each undeclared identifier is reported only once
conftest.c:117: error: for each function it appears in.)
conftest.c:127: error: 'for' loop initial declaration used outside C99 mode
configure:3659: $? = 1
configure: failed program was:
| /* confdefs.h.  */
| #define PACKAGE_NAME "czmq"
| #define PACKAGE_TARNAME "czmq"
| #define PACKAGE_VERSION "1.2.0"
| #define PACKAGE_STRING "czmq 1.2.0"
| #define PACKAGE_BUGREPORT "zeromq-dev@lists.zeromq.org"
| #define PACKAGE "czmq"
| #define VERSION "1.2.0"
| #define PACKAGE_VERSION_MAJOR 1
| #define PACKAGE_VERSION_MINOR 2
| #define PACKAGE_VERSION_PATCH 0
| /* end confdefs.h.  */
| #include <stdarg.h>
| #include <stdbool.h>
| #include <stdlib.h>
| #include <wchar.h>
| #include <stdio.h>
| 
| // Check varargs macros.  These examples are taken from C99 6.10.3.5.
| #define debug(...) fprintf (stderr, __VA_ARGS__)
| #define showlist(...) puts (#__VA_ARGS__)
| #define report(test,...) ((test) ? puts (#test) : printf (__VA_ARGS__))
| static void
| test_varargs_macros (void)
| {
|   int x = 1234;
|   int y = 5678;
|   debug ("Flag");
|   debug ("X = %d\n", x);
|   showlist (The first, second, and third items.);
|   report (x>y, "x is %d but y is %d", x, y);
| }
| 
| // Check long long types.
| #define BIG64 18446744073709551615ull
| #define BIG32 4294967295ul
| #define BIG_OK (BIG64 / BIG32 == 4294967297ull && BIG64 % BIG32 == 0)
| #if !BIG_OK
|   your preprocessor is broken;
| #endif
| #if BIG_OK
| #else
|   your preprocessor is broken;
| #endif
| static long long int bignum = -9223372036854775807LL;
| static unsigned long long int ubignum = BIG64;
| 
| struct incomplete_array
| {
|   int datasize;
|   double data[];
| };
| 
| struct named_init {
|   int number;
|   const wchar_t *name;
|   double average;
| };
| 
| typedef const char *ccp;
| 
| static inline int
| test_restrict (ccp restrict text)
| {
|   // See if C++-style comments work.
|   // Iterate through items via the restricted pointer.
|   // Also check for declarations in for loops.
|   for (unsigned int i = 0; *(text+i) != '\0'; ++i)
|     continue;
|   return 0;
| }
| 
| // Check varargs and va_copy.
| static void
| test_varargs (const char *format, ...)
| {
|   va_list args;
|   va_start (args, format);
|   va_list args_copy;
|   va_copy (args_copy, args);
| 
|   const char *str;
|   int number;
|   float fnumber;
| 
|   while (*format)
|     {
|       switch (*format++)
| 	{
| 	case 's': // string
| 	  str = va_arg (args_copy, const char *);
| 	  break;
| 	case 'd': // int
| 	  number = va_arg (args_copy, int);
| 	  break;
| 	case 'f': // float
| 	  fnumber = va_arg (args_copy, double);
| 	  break;
| 	default:
| 	  break;
| 	}
|     }
|   va_end (args_copy);
|   va_end (args);
| }
| 
| int
| main ()
| {
| 
|   // Check bool.
|   _Bool success = false;
| 
|   // Check restrict.
|   if (test_restrict ("String literal") == 0)
|     success = true;
|   char *restrict newvar = "Another string";
| 
|   // Check varargs.
|   test_varargs ("s, d' f .", "string", 65, 34.234);
|   test_varargs_macros ();
| 
|   // Check flexible array members.
|   struct incomplete_array *ia =
|     malloc (sizeof (struct incomplete_array) + (sizeof (double) * 10));
|   ia->datasize = 10;
|   for (int i = 0; i < ia->datasize; ++i)
|     ia->data[i] = i * 1.234;
| 
|   // Check named initializers.
|   struct named_init ni = {
|     .number = 34,
|     .name = L"Test wide string",
|     .average = 543.34343,
|   };
| 
|   ni.number = 58;
| 
|   int dynamic_array[ni.number];
|   dynamic_array[ni.number - 1] = 543;
| 
|   // work around unused variable warnings
|   return (!success || bignum == 0LL || ubignum == 0uLL || newvar[0] == 'x'
| 	  || dynamic_array[ni.number - 1] != 543);
| 
|   ;
|   return 0;
| }
configure:3653: gcc -std=gnu99 -c -g -O2  conftest.c >&5
configure:3659: $? = 0
configure:3689: result: -std=gnu99
configure:3696: checking whether gcc -std=gnu99 and cc understand -c and -o together
configure:3731: gcc -std=gnu99 -c conftest.c -o conftest2.o >&5
configure:3734: $? = 0
configure:3740: gcc -std=gnu99 -c conftest.c -o conftest2.o >&5
configure:3743: $? = 0
configure:3754: cc -c conftest.c >&5
configure:3757: $? = 0
configure:3765: cc -c conftest.c -o conftest2.o >&5
configure:3768: $? = 0
configure:3774: cc -c conftest.c -o conftest2.o >&5
configure:3777: $? = 0
configure:3795: result: yes
configure:3827: checking build system type
configure:3845: result: i386-apple-darwin11.2.0
configure:3867: checking host system type
configure:3882: result: i386-apple-darwin11.2.0
configure:4265: checking how to print strings
configure:4292: result: printf
configure:4313: checking for a sed that does not truncate output
configure:4392: result: /usr/bin/sed
configure:4410: checking for grep that handles long lines and -e
configure:4484: result: /usr/bin/grep
configure:4489: checking for egrep
configure:4567: result: /usr/bin/grep -E
configure:4572: checking for fgrep
configure:4650: result: /usr/bin/grep -F
configure:4685: checking for ld used by gcc -std=gnu99
configure:4752: result: /usr/llvm-gcc-4.2/libexec/gcc/i686-apple-darwin11/4.2.1/ld
configure:4761: checking if the linker (/usr/llvm-gcc-4.2/libexec/gcc/i686-apple-darwin11/4.2.1/ld) is GNU ld
configure:4776: result: no
configure:4788: checking for BSD- or MS-compatible name lister (nm)
configure:4837: result: /usr/bin/nm
configure:4971: checking the name lister (/usr/bin/nm) interface
configure:4978: gcc -std=gnu99 -c -g -O2  conftest.c >&5
configure:4981: /usr/bin/nm "conftest.o"
configure:4984: output
000000000000019c S _some_variable
configure:4991: result: BSD nm
configure:4994: checking whether ln -s works
configure:4998: result: yes
configure:5006: checking the maximum length of command line arguments
configure:5131: result: 196608
configure:5148: checking whether the shell understands some XSI constructs
configure:5158: result: yes
configure:5162: checking whether the shell understands "+="
configure:5168: result: yes
configure:5203: checking for /usr/llvm-gcc-4.2/libexec/gcc/i686-apple-darwin11/4.2.1/ld option to reload object files
configure:5210: result: -r
configure:5279: checking for objdump
configure:5306: result: objdump
configure:5339: checking how to recognize dependent libraries
configure:5541: result: pass_all
configure:5601: checking for ar
configure:5617: found /usr/bin/ar
configure:5628: result: ar
configure:5710: checking for strip
configure:5726: found /usr/bin/strip
configure:5737: result: strip
configure:5813: checking for ranlib
configure:5829: found /usr/bin/ranlib
configure:5840: result: ranlib
configure:5946: checking command to parse /usr/bin/nm output from gcc -std=gnu99 object
configure:6064: gcc -std=gnu99 -c -g -O2  conftest.c >&5
configure:6067: $? = 0
configure:6071: /usr/bin/nm conftest.o \| sed -n -e 's/^.*[ ]\([BCDEGRST][BCDEGRST]*\)[ ][ ]*\([_A-Za-z][_A-Za-z0-9]*\)$/\1 \2 \2/p' \> conftest.nm
configure:6074: $? = 0
cannot find nm_test_var in conftest.nm
configure:6064: gcc -std=gnu99 -c -g -O2  conftest.c >&5
configure:6067: $? = 0
configure:6071: /usr/bin/nm conftest.o \| sed -n -e 's/^.*[ ]\([BCDEGRST][BCDEGRST]*\)[ ][ ]*_\([_A-Za-z][_A-Za-z0-9]*\)$/\1 _\2 \2/p' \> conftest.nm
configure:6074: $? = 0
configure:6128: gcc -std=gnu99 -o conftest -g -O2   conftest.c conftstm.o >&5
configure:6131: $? = 0
configure:6169: result: ok
configure:6459: checking for dsymutil
configure:6475: found /usr/bin/dsymutil
configure:6486: result: dsymutil
configure:6555: checking for nmedit
configure:6571: found /usr/bin/nmedit
configure:6582: result: nmedit
configure:6651: checking for lipo
configure:6667: found /usr/bin/lipo
configure:6678: result: lipo
configure:6747: checking for otool
configure:6763: found /usr/bin/otool
configure:6774: result: otool
configure:6843: checking for otool64
configure:6873: result: no
configure:6922: checking for -single_module linker flag
gcc -std=gnu99 -g -O2  -o libconftest.dylib -dynamiclib -Wl,-single_module conftest.c
configure:6949: result: yes
configure:6951: checking for -exported_symbols_list linker flag
configure:6981: gcc -std=gnu99 -o conftest -g -O2   -Wl,-exported_symbols_list,conftest.sym conftest.c  >&5
configure:6987: $? = 0
configure:7006: result: yes
configure:7008: checking for -force_load linker flag
gcc -std=gnu99 -g -O2 -c -o conftest.o conftest.c
ar cru libconftest.a conftest.o
ranlib libconftest.a
gcc -std=gnu99 -g -O2  -o conftest conftest.c -Wl,-force_load,./libconftest.a
configure:7038: result: yes
configure:7080: checking how to run the C preprocessor
configure:7120: gcc -std=gnu99 -E  conftest.c
configure:7126: $? = 0
configure:7157: gcc -std=gnu99 -E  conftest.c
conftest.c:13:28: error: ac_nonexistent.h: No such file or directory
configure:7163: $? = 1
configure: failed program was:
| /* confdefs.h.  */
| #define PACKAGE_NAME "czmq"
| #define PACKAGE_TARNAME "czmq"
| #define PACKAGE_VERSION "1.2.0"
| #define PACKAGE_STRING "czmq 1.2.0"
| #define PACKAGE_BUGREPORT "zeromq-dev@lists.zeromq.org"
| #define PACKAGE "czmq"
| #define VERSION "1.2.0"
| #define PACKAGE_VERSION_MAJOR 1
| #define PACKAGE_VERSION_MINOR 2
| #define PACKAGE_VERSION_PATCH 0
| /* end confdefs.h.  */
| #include <ac_nonexistent.h>
configure:7196: result: gcc -std=gnu99 -E
configure:7225: gcc -std=gnu99 -E  conftest.c
configure:7231: $? = 0
configure:7262: gcc -std=gnu99 -E  conftest.c
conftest.c:13:28: error: ac_nonexistent.h: No such file or directory
configure:7268: $? = 1
configure: failed program was:
| /* confdefs.h.  */
| #define PACKAGE_NAME "czmq"
| #define PACKAGE_TARNAME "czmq"
| #define PACKAGE_VERSION "1.2.0"
| #define PACKAGE_STRING "czmq 1.2.0"
| #define PACKAGE_BUGREPORT "zeromq-dev@lists.zeromq.org"
| #define PACKAGE "czmq"
| #define VERSION "1.2.0"
| #define PACKAGE_VERSION_MAJOR 1
| #define PACKAGE_VERSION_MINOR 2
| #define PACKAGE_VERSION_PATCH 0
| /* end confdefs.h.  */
| #include <ac_nonexistent.h>
configure:7306: checking for ANSI C header files
configure:7336: gcc -std=gnu99 -c -g -O2  conftest.c >&5
configure:7342: $? = 0
configure:7441: gcc -std=gnu99 -o conftest -g -O2   conftest.c  >&5
configure:7444: $? = 0
configure:7450: ./conftest
configure:7453: $? = 0
configure:7470: result: yes
configure:7494: checking for sys/types.h
configure:7515: gcc -std=gnu99 -c -g -O2  conftest.c >&5
configure:7521: $? = 0
configure:7537: result: yes
configure:7494: checking for sys/stat.h
configure:7515: gcc -std=gnu99 -c -g -O2  conftest.c >&5
configure:7521: $? = 0
configure:7537: result: yes
configure:7494: checking for stdlib.h
configure:7515: gcc -std=gnu99 -c -g -O2  conftest.c >&5
configure:7521: $? = 0
configure:7537: result: yes
configure:7494: checking for string.h
configure:7515: gcc -std=gnu99 -c -g -O2  conftest.c >&5
configure:7521: $? = 0
configure:7537: result: yes
configure:7494: checking for memory.h
configure:7515: gcc -std=gnu99 -c -g -O2  conftest.c >&5
configure:7521: $? = 0
configure:7537: result: yes
configure:7494: checking for strings.h
configure:7515: gcc -std=gnu99 -c -g -O2  conftest.c >&5
configure:7521: $? = 0
configure:7537: result: yes
configure:7494: checking for inttypes.h
configure:7515: gcc -std=gnu99 -c -g -O2  conftest.c >&5
configure:7521: $? = 0
configure:7537: result: yes
configure:7494: checking for stdint.h
configure:7515: gcc -std=gnu99 -c -g -O2  conftest.c >&5
configure:7521: $? = 0
configure:7537: result: yes
configure:7494: checking for unistd.h
configure:7515: gcc -std=gnu99 -c -g -O2  conftest.c >&5
configure:7521: $? = 0
configure:7537: result: yes
configure:7553: checking for dlfcn.h
configure:7574: gcc -std=gnu99 -c -g -O2  conftest.c >&5
configure:7580: $? = 0
configure:7596: result: yes
configure:7781: checking for objdir
configure:7796: result: .libs
configure:8067: checking if gcc -std=gnu99 supports -fno-rtti -fno-exceptions
configure:8085: gcc -std=gnu99 -c -g -O2  -fno-rtti -fno-exceptions conftest.c >&5
cc1: warning: command line option "-fno-rtti" is valid for C++/ObjC++ but not for C
configure:8089: $? = 0
configure:8102: result: no
configure:8122: checking for gcc -std=gnu99 option to produce PIC
configure:8407: result: -fno-common -DPIC
configure:8419: checking if gcc -std=gnu99 PIC flag -fno-common -DPIC works
configure:8437: gcc -std=gnu99 -c -g -O2  -fno-common -DPIC -DPIC conftest.c >&5
configure:8441: $? = 0
configure:8454: result: yes
configure:8478: checking if gcc -std=gnu99 static flag -static works
configure:8506: result: no
configure:8521: checking if gcc -std=gnu99 supports -c -o file.o
configure:8542: gcc -std=gnu99 -c -g -O2  -o out/conftest2.o conftest.c >&5
configure:8546: $? = 0
configure:8568: result: yes
configure:8576: checking if gcc -std=gnu99 supports -c -o file.o
configure:8623: result: yes
configure:8656: checking whether the gcc -std=gnu99 linker (/usr/llvm-gcc-4.2/libexec/gcc/i686-apple-darwin11/4.2.1/ld) supports shared libraries
configure:9807: result: yes
configure:10052: checking dynamic linker characteristics
configure:10757: result: darwin11.2.0 dyld
configure:10864: checking how to hardcode library paths into programs
configure:10889: result: immediate
configure:11714: checking whether stripping libraries is possible
configure:11728: result: yes
configure:11754: checking if libtool supports shared libraries
configure:11756: result: yes
configure:11759: checking whether to build shared libraries
configure:11780: result: yes
configure:11783: checking whether to build static libraries
configure:11787: result: yes
configure:11822: checking for a sed that does not truncate output
configure:11901: result: /usr/bin/sed
configure:11910: checking for gawk
configure:11937: result: awk
configure:11951: checking for pthread_create in -lpthread
configure:11986: gcc -std=gnu99 -o conftest -g -O2   conftest.c -lpthread   >&5
configure:11992: $? = 0
configure:12010: result: yes
configure:12057: checking for zmq_init in -lzmq
configure:12092: gcc -std=gnu99 -o conftest -I/Users/lourens/projects/rbczmq/ext/zeromq/include -g -O2  -L/Users/lourens/projects/rbczmq/ext/zeromq/lib  conftest.c -lzmq  -lpthread  >&5
ld: warning: directory not found for option '-L/Users/lourens/projects/rbczmq/ext/zeromq/lib'
configure:12098: $? = 0
configure:12116: result: yes
configure:12132: checking whether libzmq installation works
configure:12156: gcc -std=gnu99 -o conftest -I/Users/lourens/projects/rbczmq/ext/zeromq/include -g -O2  -L/Users/lourens/projects/rbczmq/ext/zeromq/lib  conftest.c -lzmq -lpthread  >&5
ld: warning: directory not found for option '-L/Users/lourens/projects/rbczmq/ext/zeromq/lib'
configure:12162: $? = 0
configure:12168: result: yes
configure:12186: checking host system type
configure:12201: result: i386-apple-darwin11.2.0
configure:12231: checking for asciidoc
configure:12259: result: no
configure:12269: checking for xmlto
configure:12297: result: no
configure:12310: WARNING: You are building an unreleased version of libczmq and asciidoc or xmlto are not installed.
configure:12312: WARNING: Documentation will not be built and manual pages will not be installed.
configure:12316: checking whether to build documentation
configure:12318: result: no
configure:12320: checking whether to install manpages
configure:12322: result: no
configure:12583: checking for ANSI C header files
configure:12747: result: yes
configure:12783: checking errno.h usability
configure:12800: gcc -std=gnu99 -c -I/Users/lourens/projects/rbczmq/ext/zeromq/include -g -O2 -D_DARWIN_C_SOURCE -D_REENTRANT -D_THREAD_SAFE  conftest.c >&5
configure:12806: $? = 0
configure:12820: result: yes
configure:12824: checking errno.h presence
configure:12839: gcc -std=gnu99 -E -D_DARWIN_C_SOURCE -D_REENTRANT -D_THREAD_SAFE  conftest.c
configure:12845: $? = 0
configure:12859: result: yes
configure:12892: checking for errno.h
configure:12900: result: yes
configure:12783: checking arpa/inet.h usability
configure:12800: gcc -std=gnu99 -c -I/Users/lourens/projects/rbczmq/ext/zeromq/include -g -O2 -D_DARWIN_C_SOURCE -D_REENTRANT -D_THREAD_SAFE  conftest.c >&5
configure:12806: $? = 0
configure:12820: result: yes
configure:12824: checking arpa/inet.h presence
configure:12839: gcc -std=gnu99 -E -D_DARWIN_C_SOURCE -D_REENTRANT -D_THREAD_SAFE  conftest.c
configure:12845: $? = 0
configure:12859: result: yes
configure:12892: checking for arpa/inet.h
configure:12900: result: yes
configure:12783: checking netinet/tcp.h usability
configure:12800: gcc -std=gnu99 -c -I/Users/lourens/projects/rbczmq/ext/zeromq/include -g -O2 -D_DARWIN_C_SOURCE -D_REENTRANT -D_THREAD_SAFE  conftest.c >&5
configure:12806: $? = 0
configure:12820: result: yes
configure:12824: checking netinet/tcp.h presence
configure:12839: gcc -std=gnu99 -E -D_DARWIN_C_SOURCE -D_REENTRANT -D_THREAD_SAFE  conftest.c
configure:12845: $? = 0
configure:12859: result: yes
configure:12892: checking for netinet/tcp.h
configure:12900: result: yes
configure:12783: checking netinet/in.h usability
configure:12800: gcc -std=gnu99 -c -I/Users/lourens/projects/rbczmq/ext/zeromq/include -g -O2 -D_DARWIN_C_SOURCE -D_REENTRANT -D_THREAD_SAFE  conftest.c >&5
configure:12806: $? = 0
configure:12820: result: yes
configure:12824: checking netinet/in.h presence
configure:12839: gcc -std=gnu99 -E -D_DARWIN_C_SOURCE -D_REENTRANT -D_THREAD_SAFE  conftest.c
configure:12845: $? = 0
configure:12859: result: yes
configure:12892: checking for netinet/in.h
configure:12900: result: yes
configure:12783: checking stddef.h usability
configure:12800: gcc -std=gnu99 -c -I/Users/lourens/projects/rbczmq/ext/zeromq/include -g -O2 -D_DARWIN_C_SOURCE -D_REENTRANT -D_THREAD_SAFE  conftest.c >&5
configure:12806: $? = 0
configure:12820: result: yes
configure:12824: checking stddef.h presence
configure:12839: gcc -std=gnu99 -E -D_DARWIN_C_SOURCE -D_REENTRANT -D_THREAD_SAFE  conftest.c
configure:12845: $? = 0
configure:12859: result: yes
configure:12892: checking for stddef.h
configure:12900: result: yes
configure:12773: checking for stdlib.h
configure:12779: result: yes
configure:12773: checking for string.h
configure:12779: result: yes
configure:12783: checking sys/socket.h usability
configure:12800: gcc -std=gnu99 -c -I/Users/lourens/projects/rbczmq/ext/zeromq/include -g -O2 -D_DARWIN_C_SOURCE -D_REENTRANT -D_THREAD_SAFE  conftest.c >&5
configure:12806: $? = 0
configure:12820: result: yes
configure:12824: checking sys/socket.h presence
configure:12839: gcc -std=gnu99 -E -D_DARWIN_C_SOURCE -D_REENTRANT -D_THREAD_SAFE  conftest.c
configure:12845: $? = 0
configure:12859: result: yes
configure:12892: checking for sys/socket.h
configure:12900: result: yes
configure:12783: checking sys/time.h usability
configure:12800: gcc -std=gnu99 -c -I/Users/lourens/projects/rbczmq/ext/zeromq/include -g -O2 -D_DARWIN_C_SOURCE -D_REENTRANT -D_THREAD_SAFE  conftest.c >&5
configure:12806: $? = 0
configure:12820: result: yes
configure:12824: checking sys/time.h presence
configure:12839: gcc -std=gnu99 -E -D_DARWIN_C_SOURCE -D_REENTRANT -D_THREAD_SAFE  conftest.c
configure:12845: $? = 0
configure:12859: result: yes
configure:12892: checking for sys/time.h
configure:12900: result: yes
configure:12773: checking for unistd.h
configure:12779: result: yes
configure:12783: checking limits.h usability
configure:12800: gcc -std=gnu99 -c -I/Users/lourens/projects/rbczmq/ext/zeromq/include -g -O2 -D_DARWIN_C_SOURCE -D_REENTRANT -D_THREAD_SAFE  conftest.c >&5
configure:12806: $? = 0
configure:12820: result: yes
configure:12824: checking limits.h presence
configure:12839: gcc -std=gnu99 -E -D_DARWIN_C_SOURCE -D_REENTRANT -D_THREAD_SAFE  conftest.c
configure:12845: $? = 0
configure:12859: result: yes
configure:12892: checking for limits.h
configure:12900: result: yes
configure:12915: checking for stdbool.h that conforms to C99
configure:13008: gcc -std=gnu99 -c -I/Users/lourens/projects/rbczmq/ext/zeromq/include -g -O2 -D_DARWIN_C_SOURCE -D_REENTRANT -D_THREAD_SAFE  conftest.c >&5
conftest.c:93: error: initializer element is not constant
configure:13014: $? = 1
configure: failed program was:
| /* confdefs.h.  */
| #define PACKAGE_NAME "czmq"
| #define PACKAGE_TARNAME "czmq"
| #define PACKAGE_VERSION "1.2.0"
| #define PACKAGE_STRING "czmq 1.2.0"
| #define PACKAGE_BUGREPORT "zeromq-dev@lists.zeromq.org"
| #define PACKAGE "czmq"
| #define VERSION "1.2.0"
| #define PACKAGE_VERSION_MAJOR 1
| #define PACKAGE_VERSION_MINOR 2
| #define PACKAGE_VERSION_PATCH 0
| #define STDC_HEADERS 1
| #define HAVE_SYS_TYPES_H 1
| #define HAVE_SYS_STAT_H 1
| #define HAVE_STDLIB_H 1
| #define HAVE_STRING_H 1
| #define HAVE_MEMORY_H 1
| #define HAVE_STRINGS_H 1
| #define HAVE_INTTYPES_H 1
| #define HAVE_STDINT_H 1
| #define HAVE_UNISTD_H 1
| #define HAVE_DLFCN_H 1
| #define LT_OBJDIR ".libs/"
| #define HAVE_LIBPTHREAD 1
| #define HAVE_LIBZMQ 1
| #define CZMQ_HAVE_OSX 1
| #define STDC_HEADERS 1
| #define HAVE_ERRNO_H 1
| #define HAVE_ARPA_INET_H 1
| #define HAVE_NETINET_TCP_H 1
| #define HAVE_NETINET_IN_H 1
| #define HAVE_STDDEF_H 1
| #define HAVE_STDLIB_H 1
| #define HAVE_STRING_H 1
| #define HAVE_SYS_SOCKET_H 1
| #define HAVE_SYS_TIME_H 1
| #define HAVE_UNISTD_H 1
| #define HAVE_LIMITS_H 1
| /* end confdefs.h.  */
| 
| #include <stdbool.h>
| #ifndef bool
|  "error: bool is not defined"
| #endif
| #ifndef false
|  "error: false is not defined"
| #endif
| #if false
|  "error: false is not 0"
| #endif
| #ifndef true
|  "error: true is not defined"
| #endif
| #if true != 1
|  "error: true is not 1"
| #endif
| #ifndef __bool_true_false_are_defined
|  "error: __bool_true_false_are_defined is not defined"
| #endif
| 
| 	struct s { _Bool s: 1; _Bool t; } s;
| 
| 	char a[true == 1 ? 1 : -1];
| 	char b[false == 0 ? 1 : -1];
| 	char c[__bool_true_false_are_defined == 1 ? 1 : -1];
| 	char d[(bool) 0.5 == true ? 1 : -1];
| 	bool e = &s;
| 	char f[(_Bool) 0.0 == false ? 1 : -1];
| 	char g[true];
| 	char h[sizeof (_Bool)];
| 	char i[sizeof s.t];
| 	enum { j = false, k = true, l = false * true, m = true * 256 };
| 	_Bool n[m];
| 	char o[sizeof n == m * sizeof n[0] ? 1 : -1];
| 	char p[-1 - (_Bool) 0 < 0 && -1 - (bool) 0 < 0 ? 1 : -1];
| #	if defined __xlc__ || defined __GNUC__
| 	 /* Catch a bug in IBM AIX xlc compiler version 6.0.0.0
| 	    reported by James Lemley on 2005-10-05; see
| 	    http://lists.gnu.org/archive/html/bug-coreutils/2005-10/msg00086.html
| 	    This test is not quite right, since xlc is allowed to
| 	    reject this program, as the initializer for xlcbug is
| 	    not one of the forms that C requires support for.
| 	    However, doing the test right would require a runtime
| 	    test, and that would make cross-compilation harder.
| 	    Let us hope that IBM fixes the xlc bug, and also adds
| 	    support for this kind of constant expression.  In the
| 	    meantime, this test will reject xlc, which is OK, since
| 	    our stdbool.h substitute should suffice.  We also test
| 	    this with GCC, where it should work, to detect more
| 	    quickly whether someone messes up the test in the
| 	    future.  */
| 	 char digs[] = "0123456789";
| 	 int xlcbug = 1 / (&(digs + 5)[-2 + (bool) 1] == &digs[4] ? 1 : -1);
| #	endif
| 	/* Catch a bug in an HP-UX C compiler.  See
| 	   http://gcc.gnu.org/ml/gcc-patches/2003-12/msg02303.html
| 	   http://lists.gnu.org/archive/html/bug-coreutils/2005-11/msg00161.html
| 	 */
| 	_Bool q = true;
| 	_Bool *pq = &q;
| 
| int
| main ()
| {
| 
| 	*pq |= q;
| 	*pq |= ! q;
| 	/* Refer to every declared value, to avoid compiler optimizations.  */
| 	return (!a + !b + !c + !d + !e + !f + !g + !h + !i + !!j + !k + !!l
| 		+ !m + !n + !o + !p + !q + !pq);
| 
|   ;
|   return 0;
| }
configure:13029: result: no
configure:13031: checking for _Bool
configure:13061: gcc -std=gnu99 -c -I/Users/lourens/projects/rbczmq/ext/zeromq/include -g -O2 -D_DARWIN_C_SOURCE -D_REENTRANT -D_THREAD_SAFE  conftest.c >&5
configure:13067: $? = 0
configure:13082: result: yes
configure:13101: checking for an ANSI C-conforming const
configure:13176: gcc -std=gnu99 -c -I/Users/lourens/projects/rbczmq/ext/zeromq/include -g -O2 -D_DARWIN_C_SOURCE -D_REENTRANT -D_THREAD_SAFE  conftest.c >&5
configure:13182: $? = 0
configure:13197: result: yes
configure:13207: checking for inline
configure:13233: gcc -std=gnu99 -c -I/Users/lourens/projects/rbczmq/ext/zeromq/include -g -O2 -D_DARWIN_C_SOURCE -D_REENTRANT -D_THREAD_SAFE  conftest.c >&5
configure:13239: $? = 0
configure:13257: result: inline
configure:13276: checking for size_t
configure:13306: gcc -std=gnu99 -c -I/Users/lourens/projects/rbczmq/ext/zeromq/include -g -O2 -D_DARWIN_C_SOURCE -D_REENTRANT -D_THREAD_SAFE  conftest.c >&5
configure:13312: $? = 0
configure:13327: result: yes
configure:13339: checking for ssize_t
configure:13369: gcc -std=gnu99 -c -I/Users/lourens/projects/rbczmq/ext/zeromq/include -g -O2 -D_DARWIN_C_SOURCE -D_REENTRANT -D_THREAD_SAFE  conftest.c >&5
configure:13375: $? = 0
configure:13390: result: yes
configure:13402: checking whether time.h and sys/time.h may both be included
configure:13432: gcc -std=gnu99 -c -I/Users/lourens/projects/rbczmq/ext/zeromq/include -g -O2 -D_DARWIN_C_SOURCE -D_REENTRANT -D_THREAD_SAFE  conftest.c >&5
configure:13438: $? = 0
configure:13453: result: yes
configure:13464: checking for uint32_t
configure:13495: gcc -std=gnu99 -c -I/Users/lourens/projects/rbczmq/ext/zeromq/include -g -O2 -D_DARWIN_C_SOURCE -D_REENTRANT -D_THREAD_SAFE  conftest.c >&5
configure:13501: $? = 0
configure:13522: result: yes
configure:13539: checking for working volatile
configure:13568: gcc -std=gnu99 -c -I/Users/lourens/projects/rbczmq/ext/zeromq/include -g -O2 -D_DARWIN_C_SOURCE -D_REENTRANT -D_THREAD_SAFE  conftest.c >&5
configure:13574: $? = 0
configure:13589: result: yes
configure:13602: checking for pow in -lm
configure:13637: gcc -std=gnu99 -o conftest -I/Users/lourens/projects/rbczmq/ext/zeromq/include -g -O2 -D_DARWIN_C_SOURCE -D_REENTRANT -D_THREAD_SAFE  -L/Users/lourens/projects/rbczmq/ext/zeromq/lib  conftest.c -lm  -lzmq -lpthread  >&5
conftest.c:49: warning: conflicting types for built-in function 'pow'
ld: warning: directory not found for option '-L/Users/lourens/projects/rbczmq/ext/zeromq/lib'
configure:13643: $? = 0
configure:13661: result: yes
configure:13704: checking return type of signal handlers
configure:13732: gcc -std=gnu99 -c -I/Users/lourens/projects/rbczmq/ext/zeromq/include -g -O2 -pedantic -Werror -Wall -Wno-unused -D_DARWIN_C_SOURCE -D_REENTRANT -D_THREAD_SAFE  conftest.c >&5
conftest.c: In function 'main':
conftest.c:49: error: void value not ignored as it ought to be
configure:13738: $? = 1
configure: failed program was:
| /* confdefs.h.  */
| #define PACKAGE_NAME "czmq"
| #define PACKAGE_TARNAME "czmq"
| #define PACKAGE_VERSION "1.2.0"
| #define PACKAGE_STRING "czmq 1.2.0"
| #define PACKAGE_BUGREPORT "zeromq-dev@lists.zeromq.org"
| #define PACKAGE "czmq"
| #define VERSION "1.2.0"
| #define PACKAGE_VERSION_MAJOR 1
| #define PACKAGE_VERSION_MINOR 2
| #define PACKAGE_VERSION_PATCH 0
| #define STDC_HEADERS 1
| #define HAVE_SYS_TYPES_H 1
| #define HAVE_SYS_STAT_H 1
| #define HAVE_STDLIB_H 1
| #define HAVE_STRING_H 1
| #define HAVE_MEMORY_H 1
| #define HAVE_STRINGS_H 1
| #define HAVE_INTTYPES_H 1
| #define HAVE_STDINT_H 1
| #define HAVE_UNISTD_H 1
| #define HAVE_DLFCN_H 1
| #define LT_OBJDIR ".libs/"
| #define HAVE_LIBPTHREAD 1
| #define HAVE_LIBZMQ 1
| #define CZMQ_HAVE_OSX 1
| #define STDC_HEADERS 1
| #define HAVE_ERRNO_H 1
| #define HAVE_ARPA_INET_H 1
| #define HAVE_NETINET_TCP_H 1
| #define HAVE_NETINET_IN_H 1
| #define HAVE_STDDEF_H 1
| #define HAVE_STDLIB_H 1
| #define HAVE_STRING_H 1
| #define HAVE_SYS_SOCKET_H 1
| #define HAVE_SYS_TIME_H 1
| #define HAVE_UNISTD_H 1
| #define HAVE_LIMITS_H 1
| #define HAVE__BOOL 1
| #define TIME_WITH_SYS_TIME 1
| #define HAVE_LIBM 1
| /* end confdefs.h.  */
| #include <sys/types.h>
| #include <signal.h>
| 
| int
| main ()
| {
| return *(signal (0, 0)) (0) == 1;
|   ;
|   return 0;
| }
configure:13753: result: void
configure:13767: checking for perror
configure:13823: gcc -std=gnu99 -o conftest -I/Users/lourens/projects/rbczmq/ext/zeromq/include -g -O2 -pedantic -Werror -Wall -Wno-unused -D_DARWIN_C_SOURCE -D_REENTRANT -D_THREAD_SAFE  -L/Users/lourens/projects/rbczmq/ext/zeromq/lib  conftest.c -lm -lzmq -lpthread  >&5
ld: warning: directory not found for option '-L/Users/lourens/projects/rbczmq/ext/zeromq/lib'
configure:13829: $? = 0
configure:13847: result: yes
configure:13767: checking for gettimeofday
configure:13823: gcc -std=gnu99 -o conftest -I/Users/lourens/projects/rbczmq/ext/zeromq/include -g -O2 -pedantic -Werror -Wall -Wno-unused -D_DARWIN_C_SOURCE -D_REENTRANT -D_THREAD_SAFE  -L/Users/lourens/projects/rbczmq/ext/zeromq/lib  conftest.c -lm -lzmq -lpthread  >&5
ld: warning: directory not found for option '-L/Users/lourens/projects/rbczmq/ext/zeromq/lib'
configure:13829: $? = 0
configure:13847: result: yes
configure:13767: checking for memset
configure:13823: gcc -std=gnu99 -o conftest -I/Users/lourens/projects/rbczmq/ext/zeromq/include -g -O2 -pedantic -Werror -Wall -Wno-unused -D_DARWIN_C_SOURCE -D_REENTRANT -D_THREAD_SAFE  -L/Users/lourens/projects/rbczmq/ext/zeromq/lib  conftest.c -lm -lzmq -lpthread  >&5
cc1: warnings being treated as errors
conftest.c:69: warning: conflicting types for built-in function 'memset'
configure:13829: $? = 1
configure: failed program was:
| /* confdefs.h.  */
| #define PACKAGE_NAME "czmq"
| #define PACKAGE_TARNAME "czmq"
| #define PACKAGE_VERSION "1.2.0"
| #define PACKAGE_STRING "czmq 1.2.0"
| #define PACKAGE_BUGREPORT "zeromq-dev@lists.zeromq.org"
| #define PACKAGE "czmq"
| #define VERSION "1.2.0"
| #define PACKAGE_VERSION_MAJOR 1
| #define PACKAGE_VERSION_MINOR 2
| #define PACKAGE_VERSION_PATCH 0
| #define STDC_HEADERS 1
| #define HAVE_SYS_TYPES_H 1
| #define HAVE_SYS_STAT_H 1
| #define HAVE_STDLIB_H 1
| #define HAVE_STRING_H 1
| #define HAVE_MEMORY_H 1
| #define HAVE_STRINGS_H 1
| #define HAVE_INTTYPES_H 1
| #define HAVE_STDINT_H 1
| #define HAVE_UNISTD_H 1
| #define HAVE_DLFCN_H 1
| #define LT_OBJDIR ".libs/"
| #define HAVE_LIBPTHREAD 1
| #define HAVE_LIBZMQ 1
| #define CZMQ_HAVE_OSX 1
| #define STDC_HEADERS 1
| #define HAVE_ERRNO_H 1
| #define HAVE_ARPA_INET_H 1
| #define HAVE_NETINET_TCP_H 1
| #define HAVE_NETINET_IN_H 1
| #define HAVE_STDDEF_H 1
| #define HAVE_STDLIB_H 1
| #define HAVE_STRING_H 1
| #define HAVE_SYS_SOCKET_H 1
| #define HAVE_SYS_TIME_H 1
| #define HAVE_UNISTD_H 1
| #define HAVE_LIMITS_H 1
| #define HAVE__BOOL 1
| #define TIME_WITH_SYS_TIME 1
| #define HAVE_LIBM 1
| #define RETSIGTYPE void
| #define HAVE_PERROR 1
| #define HAVE_GETTIMEOFDAY 1
| /* end confdefs.h.  */
| /* Define memset to an innocuous variant, in case <limits.h> declares memset.
|    For example, HP-UX 11i <limits.h> declares gettimeofday.  */
| #define memset innocuous_memset
| 
| /* System header to define __stub macros and hopefully few prototypes,
|     which can conflict with char memset (); below.
|     Prefer <limits.h> to <assert.h> if __STDC__ is defined, since
|     <limits.h> exists even on freestanding compilers.  */
| 
| #ifdef __STDC__
| # include <limits.h>
| #else
| # include <assert.h>
| #endif
| 
| #undef memset
| 
| /* Override any GCC internal prototype to avoid an error.
|    Use char because int might match the return type of a GCC
|    builtin and then its argument prototype would still apply.  */
| #ifdef __cplusplus
| extern "C"
| #endif
| char memset ();
| /* The GNU C library defines this for functions which it implements
|     to always fail with ENOSYS.  Some functions are actually named
|     something starting with __ and the normal name is an alias.  */
| #if defined __stub_memset || defined __stub___memset
| choke me
| #endif
| 
| int
| main ()
| {
| return memset ();
|   ;
|   return 0;
| }
configure:13847: result: no
configure:13995: creating ./config.status

## ---------------------- ##
## Running config.status. ##
## ---------------------- ##

This file was extended by czmq config.status 1.2.0, which was
generated by GNU Autoconf 2.61.  Invocation command line was

  CONFIG_FILES    = 
  CONFIG_HEADERS  = 
  CONFIG_LINKS    = 
  CONFIG_COMMANDS = 
  $ ./config.status 

on Lourenss-MacBook-Air.local

config.status:864: creating Makefile
config.status:864: creating src/Makefile
config.status:864: creating doc/Makefile
config.status:864: creating src/libczmq.pc
config.status:864: creating src/platform.h
config.status:1116: src/platform.h is unchanged
config.status:1162: executing depfiles commands
config.status:1162: executing libtool commands

## ---------------- ##
## Cache variables. ##
## ---------------- ##

ac_cv_build=i386-apple-darwin11.2.0
ac_cv_c_compiler_gnu=yes
ac_cv_c_const=yes
ac_cv_c_inline=inline
ac_cv_c_uint32_t=yes
ac_cv_c_volatile=yes
ac_cv_env_CC_set=
ac_cv_env_CC_value=
ac_cv_env_CFLAGS_set=
ac_cv_env_CFLAGS_value=
ac_cv_env_CPPFLAGS_set=
ac_cv_env_CPPFLAGS_value=
ac_cv_env_CPP_set=
ac_cv_env_CPP_value=
ac_cv_env_LDFLAGS_set=
ac_cv_env_LDFLAGS_value=
ac_cv_env_LIBS_set=
ac_cv_env_LIBS_value=
ac_cv_env_build_alias_set=
ac_cv_env_build_alias_value=
ac_cv_env_host_alias_set=
ac_cv_env_host_alias_value=
ac_cv_env_target_alias_set=
ac_cv_env_target_alias_value=
ac_cv_func_gettimeofday=yes
ac_cv_func_memset=no
ac_cv_func_perror=yes
ac_cv_header_arpa_inet_h=yes
ac_cv_header_dlfcn_h=yes
ac_cv_header_errno_h=yes
ac_cv_header_inttypes_h=yes
ac_cv_header_limits_h=yes
ac_cv_header_memory_h=yes
ac_cv_header_netinet_in_h=yes
ac_cv_header_netinet_tcp_h=yes
ac_cv_header_stdbool_h=no
ac_cv_header_stdc=yes
ac_cv_header_stddef_h=yes
ac_cv_header_stdint_h=yes
ac_cv_header_stdlib_h=yes
ac_cv_header_string_h=yes
ac_cv_header_strings_h=yes
ac_cv_header_sys_socket_h=yes
ac_cv_header_sys_stat_h=yes
ac_cv_header_sys_time_h=yes
ac_cv_header_sys_types_h=yes
ac_cv_header_time=yes
ac_cv_header_unistd_h=yes
ac_cv_host=i386-apple-darwin11.2.0
ac_cv_lib_m_pow=yes
ac_cv_lib_pthread_pthread_create=yes
ac_cv_lib_zmq_zmq_init=yes
ac_cv_objext=o
ac_cv_path_EGREP='/usr/bin/grep -E'
ac_cv_path_FGREP='/usr/bin/grep -F'
ac_cv_path_GREP=/usr/bin/grep
ac_cv_path_SED=/usr/bin/sed
ac_cv_path_install='/usr/bin/install -c'
ac_cv_prog_AWK=awk
ac_cv_prog_CPP='gcc -std=gnu99 -E'
ac_cv_prog_ac_ct_AR=ar
ac_cv_prog_ac_ct_CC=gcc
ac_cv_prog_ac_ct_DSYMUTIL=dsymutil
ac_cv_prog_ac_ct_LIPO=lipo
ac_cv_prog_ac_ct_NMEDIT=nmedit
ac_cv_prog_ac_ct_OBJDUMP=objdump
ac_cv_prog_ac_ct_OTOOL=otool
ac_cv_prog_ac_ct_RANLIB=ranlib
ac_cv_prog_ac_ct_STRIP=strip
ac_cv_prog_cc_c89=
ac_cv_prog_cc_c99=-std=gnu99
ac_cv_prog_cc_g=yes
ac_cv_prog_cc_gcc_c_o=yes
ac_cv_prog_czmq_have_asciidoc=no
ac_cv_prog_czmq_have_xmlto=no
ac_cv_prog_make_make_set=yes
ac_cv_type__Bool=yes
ac_cv_type_signal=void
ac_cv_type_size_t=yes
ac_cv_type_ssize_t=yes
am_cv_CC_dependencies_compiler_type=gcc3
am_cv_prog_tar_ustar=gnutar
lt_cv_apple_cc_single_mod=yes
lt_cv_deplibs_check_method=pass_all
lt_cv_file_magic_cmd='$MAGIC_CMD'
lt_cv_file_magic_test_file=
lt_cv_ld_exported_symbols_list=yes
lt_cv_ld_force_load=yes
lt_cv_ld_reload_flag=-r
lt_cv_nm_interface='BSD nm'
lt_cv_objdir=.libs
lt_cv_path_LD=/usr/llvm-gcc-4.2/libexec/gcc/i686-apple-darwin11/4.2.1/ld
lt_cv_path_NM=/usr/bin/nm
lt_cv_prog_compiler_c_o=yes
lt_cv_prog_compiler_pic_works=yes
lt_cv_prog_compiler_rtti_exceptions=no
lt_cv_prog_compiler_static_works=no
lt_cv_prog_gnu_ld=no
lt_cv_sys_global_symbol_pipe='sed -n -e '\''s/^.*[	 ]\([BCDEGRST][BCDEGRST]*\)[	 ][	 ]*_\([_A-Za-z][_A-Za-z0-9]*\)$/\1 _\2 \2/p'\'''
lt_cv_sys_global_symbol_to_c_name_address='sed -n -e '\''s/^: \([^ ]*\) $/  {\"\1\", (void *) 0},/p'\'' -e '\''s/^[BCDEGRST]* \([^ ]*\) \([^ ]*\)$/  {"\2", (void *) \&\2},/p'\'''
lt_cv_sys_global_symbol_to_c_name_address_lib_prefix='sed -n -e '\''s/^: \([^ ]*\) $/  {\"\1\", (void *) 0},/p'\'' -e '\''s/^[BCDEGRST]* \([^ ]*\) \(lib[^ ]*\)$/  {"\2", (void *) \&\2},/p'\'' -e '\''s/^[BCDEGRST]* \([^ ]*\) \([^ ]*\)$/  {"lib\2", (void *) \&\2},/p'\'''
lt_cv_sys_global_symbol_to_cdecl='sed -n -e '\''s/^T .* \(.*\)$/extern int \1();/p'\'' -e '\''s/^[BCDEGRST]* .* \(.*\)$/extern char \1;/p'\'''
lt_cv_sys_max_cmd_len=196608

## ----------------- ##
## Output variables. ##
## ----------------- ##

ACLOCAL='${SHELL} /Users/lourens/projects/rbczmq/ext/czmq/config/missing --run aclocal-1.10'
AMDEPBACKSLASH='\'
AMDEP_FALSE='#'
AMDEP_TRUE=''
AMTAR='${SHELL} /Users/lourens/projects/rbczmq/ext/czmq/config/missing --run tar'
AR='ar'
AS='as'
AUTOCONF='${SHELL} /Users/lourens/projects/rbczmq/ext/czmq/config/missing --run autoconf'
AUTOHEADER='${SHELL} /Users/lourens/projects/rbczmq/ext/czmq/config/missing --run autoheader'
AUTOMAKE='${SHELL} /Users/lourens/projects/rbczmq/ext/czmq/config/missing --run automake-1.10'
AWK='awk'
BUILD_DOC_FALSE=''
BUILD_DOC_TRUE='#'
CC='gcc -std=gnu99'
CCDEPMODE='depmode=gcc3'
CFLAGS='-I/Users/lourens/projects/rbczmq/ext/zeromq/include -g -O2'
CPP='gcc -std=gnu99 -E'
CPPFLAGS='-pedantic -Werror -Wall -Wno-unused -D_DARWIN_C_SOURCE -D_REENTRANT -D_THREAD_SAFE '
CYGPATH_W='echo'
DEFS='-DHAVE_CONFIG_H'
DEPDIR='.deps'
DLLTOOL='dlltool'
DSYMUTIL='dsymutil'
DUMPBIN=''
ECHO_C='ECHO_N=''
ECHO_T=''
EGREP='/usr/bin/grep -E'
EXEEXT=''
FGREP='/usr/bin/grep -F'
GREP='/usr/bin/grep'
INSTALL_DATA='${INSTALL} -m 644'
INSTALL_MAN_FALSE=''
INSTALL_MAN_TRUE='#'
INSTALL_PROGRAM='${INSTALL}'
INSTALL_SCRIPT='${INSTALL}'
INSTALL_STRIP_PROGRAM='$(install_sh) -c -s'
LD='/usr/llvm-gcc-4.2/libexec/gcc/i686-apple-darwin11/4.2.1/ld'
LDFLAGS='-L/Users/lourens/projects/rbczmq/ext/zeromq/lib '
LIBOBJS=''
LIBS='-lm -lzmq -lpthread '
LIBTOOL='$(SHELL) $(top_builddir)/libtool'
LIPO='lipo'
LN_S='ln -s'
LTLIBOBJS=''
LTVER='1:0:0'
MAKEINFO='${SHELL} /Users/lourens/projects/rbczmq/ext/czmq/config/missing --run makeinfo'
NM='/usr/bin/nm'
NMEDIT='nmedit'
OBJDUMP='objdump'
OBJEXT='o'
ON_MINGW_FALSE=''
ON_MINGW_TRUE='#'
OTOOL64=':'
OTOOL='otool'
PACKAGE='czmq'
PACKAGE_BUGREPORT='zeromq-dev@lists.zeromq.org'
PACKAGE_NAME='czmq'
PACKAGE_STRING='czmq 1.2.0'
PACKAGE_TARNAME='czmq'
PACKAGE_VERSION='1.2.0'
PATH_SEPARATOR=':'
RANLIB='ranlib'
SED='/usr/bin/sed'
SET_MAKE=''
SHELL='/bin/sh'
STRIP='strip'
VERSION='1.2.0'
ac_ct_CC='gcc'
ac_ct_DUMPBIN=''
am__fastdepCC_FALSE='#'
am__fastdepCC_TRUE=''
am__include='include'
am__isrc=''
am__leading_dot='.'
am__quote=''
am__tar='tar --format=ustar -chf - "$$tardir"'
am__untar='tar -xf -'
bindir='${exec_prefix}/bin'
build='i386-apple-darwin11.2.0'
build_alias=''
build_cpu='i386'
build_os='darwin11.2.0'
build_vendor='apple'
czmq_have_asciidoc='no'
czmq_have_xmlto='no'
datadir='${datarootdir}'
datarootdir='${prefix}/share'
docdir='${datarootdir}/doc/${PACKAGE_TARNAME}'
dvidir='${docdir}'
exec_prefix='${prefix}'
host='i386-apple-darwin11.2.0'
host_alias=''
host_cpu='i386'
host_os='darwin11.2.0'
host_vendor='apple'
htmldir='${docdir}'
includedir='${prefix}/include'
infodir='${datarootdir}/info'
install_sh='$(SHELL) /Users/lourens/projects/rbczmq/ext/czmq/config/install-sh'
libdir='${exec_prefix}/lib'
libexecdir='${exec_prefix}/libexec'
localedir='${datarootdir}/locale'
localstatedir='${prefix}/var'
mandir='${datarootdir}/man'
mkdir_p='$(top_builddir)/config/install-sh -c -d'
oldincludedir='/usr/include'
pdfdir='${docdir}'
prefix='/usr/local'
program_transform_name='s,x,x,'
psdir='${docdir}'
sbindir='${exec_prefix}/sbin'
sharedstatedir='${prefix}/com'
sysconfdir='${prefix}/etc'
target_alias=''

## ----------- ##
## confdefs.h. ##
## ----------- ##

#define PACKAGE_NAME "czmq"
#define PACKAGE_TARNAME "czmq"
#define PACKAGE_VERSION "1.2.0"
#define PACKAGE_STRING "czmq 1.2.0"
#define PACKAGE_BUGREPORT "zeromq-dev@lists.zeromq.org"
#define PACKAGE "czmq"
#define VERSION "1.2.0"
#define PACKAGE_VERSION_MAJOR 1
#define PACKAGE_VERSION_MINOR 2
#define PACKAGE_VERSION_PATCH 0
#define STDC_HEADERS 1
#define HAVE_SYS_TYPES_H 1
#define HAVE_SYS_STAT_H 1
#define HAVE_STDLIB_H 1
#define HAVE_STRING_H 1
#define HAVE_MEMORY_H 1
#define HAVE_STRINGS_H 1
#define HAVE_INTTYPES_H 1
#define HAVE_STDINT_H 1
#define HAVE_UNISTD_H 1
#define HAVE_DLFCN_H 1
#define LT_OBJDIR ".libs/"
#define HAVE_LIBPTHREAD 1
#define HAVE_LIBZMQ 1
#define CZMQ_HAVE_OSX 1
#define STDC_HEADERS 1
#define HAVE_ERRNO_H 1
#define HAVE_ARPA_INET_H 1
#define HAVE_NETINET_TCP_H 1
#define HAVE_NETINET_IN_H 1
#define HAVE_STDDEF_H 1
#define HAVE_STDLIB_H 1
#define HAVE_STRING_H 1
#define HAVE_SYS_SOCKET_H 1
#define HAVE_SYS_TIME_H 1
#define HAVE_UNISTD_H 1
#define HAVE_LIMITS_H 1
#define HAVE__BOOL 1
#define TIME_WITH_SYS_TIME 1
#define HAVE_LIBM 1
#define RETSIGTYPE void
#define HAVE_PERROR 1
#define HAVE_GETTIMEOFDAY 1

configure: exit 0
